{"/home/dth/dev/repos/github/worldwines/frontend/src/App.tsx": {"path":"/home/dth/dev/repos/github/worldwines/frontend/src/App.tsx","statementMap":{"0":{"start":{"line":5,"column":22},"end":{"line":9,"column":null}},"1":{"start":{"line":6,"column":2},"end":{"line":9,"column":null}}},"fnMap":{"0":{"name":"(anonymous_0)","decl":{"start":{"line":5,"column":22},"end":{"line":5,"column":null}},"loc":{"start":{"line":6,"column":2},"end":{"line":9,"column":null}}}},"branchMap":{},"s":{"0":0,"1":0},"f":{"0":0},"b":{}}
,"/home/dth/dev/repos/github/worldwines/frontend/src/WineList.tsx": {"path":"/home/dth/dev/repos/github/worldwines/frontend/src/WineList.tsx","statementMap":{"0":{"start":{"line":20,"column":27},"end":{"line":55,"column":null}},"1":{"start":{"line":21,"column":28},"end":{"line":21,"column":null}},"2":{"start":{"line":23,"column":2},"end":{"line":30,"column":null}},"3":{"start":{"line":24,"column":4},"end":{"line":29,"column":null}},"4":{"start":{"line":25,"column":26},"end":{"line":25,"column":null}},"5":{"start":{"line":27,"column":8},"end":{"line":27,"column":null}},"6":{"start":{"line":28,"column":8},"end":{"line":28,"column":null}},"7":{"start":{"line":32,"column":2},"end":{"line":50,"column":null}},"8":{"start":{"line":36,"column":8},"end":{"line":50,"column":null}}},"fnMap":{"0":{"name":"(anonymous_0)","decl":{"start":{"line":20,"column":27},"end":{"line":20,"column":null}},"loc":{"start":{"line":20,"column":27},"end":{"line":55,"column":null}}},"1":{"name":"(anonymous_1)","decl":{"start":{"line":23,"column":12},"end":{"line":23,"column":null}},"loc":{"start":{"line":23,"column":12},"end":{"line":30,"column":5}}},"2":{"name":"(anonymous_2)","decl":{"start":{"line":25,"column":12},"end":{"line":25,"column":13}},"loc":{"start":{"line":25,"column":26},"end":{"line":25,"column":null}}},"3":{"name":"(anonymous_3)","decl":{"start":{"line":26,"column":12},"end":{"line":26,"column":13}},"loc":{"start":{"line":26,"column":13},"end":{"line":29,"column":null}}},"4":{"name":"(anonymous_4)","decl":{"start":{"line":35,"column":17},"end":{"line":35,"column":18}},"loc":{"start":{"line":36,"column":8},"end":{"line":50,"column":null}}}},"branchMap":{},"s":{"0":0,"1":0,"2":0,"3":0,"4":0,"5":0,"6":0,"7":0,"8":0},"f":{"0":0,"1":0,"2":0,"3":0,"4":0},"b":{}}
,"/home/dth/dev/repos/github/worldwines/frontend/src/main.tsx": {"path":"/home/dth/dev/repos/github/worldwines/frontend/src/main.tsx","statementMap":{"0":{"start":{"line":5,"column":0},"end":{"line":7,"column":null}}},"fnMap":{},"branchMap":{},"s":{"0":0},"f":{},"b":{}}
,"/home/dth/dev/repos/github/worldwines/frontend/src/components/Footer/index.tsx": {"path":"/home/dth/dev/repos/github/worldwines/frontend/src/components/Footer/index.tsx","statementMap":{"0":{"start":{"line":4,"column":25},"end":{"line":15,"column":null}},"1":{"start":{"line":5,"column":2},"end":{"line":10,"column":null}}},"fnMap":{"0":{"name":"(anonymous_0)","decl":{"start":{"line":4,"column":25},"end":{"line":4,"column":null}},"loc":{"start":{"line":4,"column":25},"end":{"line":15,"column":null}}}},"branchMap":{},"s":{"0":0,"1":0},"f":{"0":0},"b":{}}
,"/home/dth/dev/repos/github/worldwines/frontend/src/components/Footer/styles.tsx": {"path":"/home/dth/dev/repos/github/worldwines/frontend/src/components/Footer/styles.tsx","statementMap":{"0":{"start":{"line":3,"column":25},"end":{"line":9,"column":1}},"1":{"start":{"line":11,"column":25},"end":{"line":14,"column":1}},"2":{"start":{"line":16,"column":29},"end":{"line":19,"column":1}}},"fnMap":{},"branchMap":{},"s":{"0":0,"1":0,"2":0},"f":{},"b":{}}
,"/home/dth/dev/repos/github/worldwines/frontend/src/components/Navbar/index.tsx": {"path":"/home/dth/dev/repos/github/worldwines/frontend/src/components/Navbar/index.tsx","statementMap":{"0":{"start":{"line":22,"column":0},"end":{"line":22,"column":15}},"1":{"start":{"line":1,"column":18},"end":{"line":1,"column":null}},"2":{"start":{"line":2,"column":48},"end":{"line":2,"column":null}},"3":{"start":{"line":3,"column":22},"end":{"line":3,"column":null}},"4":{"start":{"line":5,"column":25},"end":{"line":20,"column":null}},"5":{"start":{"line":6,"column":2},"end":{"line":15,"column":null}},"6":{"start":{"line":22,"column":15},"end":{"line":22,"column":null}}},"fnMap":{"0":{"name":"(anonymous_2)","decl":{"start":{"line":5,"column":25},"end":{"line":5,"column":null}},"loc":{"start":{"line":5,"column":25},"end":{"line":20,"column":null}}}},"branchMap":{},"s":{"0":1,"1":1,"2":1,"3":1,"4":1,"5":1,"6":1},"f":{"0":1},"b":{}}
,"/home/dth/dev/repos/github/worldwines/frontend/src/components/Navbar/styles.tsx": {"path":"/home/dth/dev/repos/github/worldwines/frontend/src/components/Navbar/styles.tsx","statementMap":{"0":{"start":{"line":3,"column":13},"end":{"line":3,"column":22}},"1":{"start":{"line":10,"column":13},"end":{"line":10,"column":17}},"2":{"start":{"line":15,"column":13},"end":{"line":15,"column":17}},"3":{"start":{"line":20,"column":13},"end":{"line":20,"column":21}},"4":{"start":{"line":1,"column":19},"end":{"line":1,"column":null}},"5":{"start":{"line":3,"column":25},"end":{"line":9,"column":1}},"6":{"start":{"line":10,"column":20},"end":{"line":13,"column":1}},"7":{"start":{"line":15,"column":20},"end":{"line":18,"column":1}},"8":{"start":{"line":20,"column":24},"end":{"line":23,"column":1}}},"fnMap":{},"branchMap":{},"s":{"0":1,"1":1,"2":1,"3":4,"4":1,"5":1,"6":1,"7":1,"8":1},"f":{},"b":{}}
,"/home/dth/dev/repos/github/worldwines/frontend/src/components/SearchBox/index.tsx": {"path":"/home/dth/dev/repos/github/worldwines/frontend/src/components/SearchBox/index.tsx","statementMap":{"0":{"start":{"line":18,"column":0},"end":{"line":18,"column":15}},"1":{"start":{"line":1,"column":18},"end":{"line":1,"column":null}},"2":{"start":{"line":4,"column":52},"end":{"line":4,"column":null}},"3":{"start":{"line":7,"column":28},"end":{"line":16,"column":null}},"4":{"start":{"line":18,"column":15},"end":{"line":18,"column":null}}},"fnMap":{"0":{"name":"(anonymous_2)","decl":{"start":{"line":7,"column":28},"end":{"line":7,"column":null}},"loc":{"start":{"line":7,"column":28},"end":{"line":16,"column":null}}}},"branchMap":{},"s":{"0":1,"1":1,"2":1,"3":1,"4":1},"f":{"0":1},"b":{}}
,"/home/dth/dev/repos/github/worldwines/frontend/src/components/SearchBox/styles.tsx": {"path":"/home/dth/dev/repos/github/worldwines/frontend/src/components/SearchBox/styles.tsx","statementMap":{"0":{"start":{"line":3,"column":13},"end":{"line":3,"column":24}},"1":{"start":{"line":8,"column":13},"end":{"line":8,"column":18}},"2":{"start":{"line":22,"column":13},"end":{"line":22,"column":28}},"3":{"start":{"line":1,"column":19},"end":{"line":1,"column":null}},"4":{"start":{"line":3,"column":27},"end":{"line":6,"column":1}},"5":{"start":{"line":8,"column":21},"end":{"line":20,"column":1}},"6":{"start":{"line":22,"column":31},"end":{"line":28,"column":1}}},"fnMap":{},"branchMap":{},"s":{"0":1,"1":1,"2":1,"3":1,"4":1,"5":1,"6":1},"f":{},"b":{}}
}
